{"C:\\Rocketseat\\gofinance\\src\\AuthContext.tsx": {"path":"C:\\Rocketseat\\gofinance\\src\\AuthContext.tsx","statementMap":{"0":{"start":{"line":3,"column":27},"end":{"line":3,"column":44}}},"fnMap":{},"branchMap":{},"s":{"0":0},"f":{},"b":{}}
,"C:\\Rocketseat\\gofinance\\src\\components\\Forms\\Button\\index.tsx": {"path":"C:\\Rocketseat\\gofinance\\src\\components\\Forms\\Button\\index.tsx","statementMap":{"0":{"start":{"line":15,"column":2},"end":{"line":21,"column":4}}},"fnMap":{"0":{"name":"Button","decl":{"start":{"line":14,"column":16},"end":{"line":14,"column":22}},"loc":{"start":{"line":14,"column":59},"end":{"line":22,"column":1}},"line":14}},"branchMap":{},"s":{"0":3},"f":{"0":3},"b":{},"_coverageSchema":"1a1c01bbd47fc00a2c39e90264f33305004495a9","hash":"17b6f21aec5b316dbb552f029482b7aef7a22821"}
,"C:\\Rocketseat\\gofinance\\src\\components\\Forms\\CategorySelectButton\\index.tsx": {"path":"C:\\Rocketseat\\gofinance\\src\\components\\Forms\\CategorySelectButton\\index.tsx","statementMap":{"0":{"start":{"line":11,"column":8},"end":{"line":16,"column":1}}},"fnMap":{"0":{"name":"CategorySelectButton","decl":{"start":{"line":10,"column":16},"end":{"line":10,"column":36}},"loc":{"start":{"line":10,"column":71},"end":{"line":17,"column":1}},"line":10}},"branchMap":{},"s":{"0":2},"f":{"0":2},"b":{},"_coverageSchema":"1a1c01bbd47fc00a2c39e90264f33305004495a9","hash":"8840166c0bb47c2b0f200c172a51285d3b99186d"}
,"C:\\Rocketseat\\gofinance\\src\\components\\Forms\\Input\\index.tsx": {"path":"C:\\Rocketseat\\gofinance\\src\\components\\Forms\\Input\\index.tsx","statementMap":{"0":{"start":{"line":11,"column":2},"end":{"line":13,"column":3}}},"fnMap":{"0":{"name":"Input","decl":{"start":{"line":10,"column":16},"end":{"line":10,"column":21}},"loc":{"start":{"line":10,"column":57},"end":{"line":14,"column":1}},"line":10}},"branchMap":{"0":{"loc":{"start":{"line":10,"column":23},"end":{"line":10,"column":37}},"type":"default-arg","locations":[{"start":{"line":10,"column":32},"end":{"line":10,"column":37}}],"line":10}},"s":{"0":5},"f":{"0":5},"b":{"0":[4]},"_coverageSchema":"1a1c01bbd47fc00a2c39e90264f33305004495a9","hash":"dcffac9cafb8c16a91bf93c020c454c1ee1ccc11"}
,"C:\\Rocketseat\\gofinance\\src\\components\\Forms\\InputForm\\index.tsx": {"path":"C:\\Rocketseat\\gofinance\\src\\components\\Forms\\InputForm\\index.tsx","statementMap":{"0":{"start":{"line":14,"column":2},"end":{"line":25,"column":4}},"1":{"start":{"line":19,"column":10},"end":{"line":19,"column":67}}},"fnMap":{"0":{"name":"InputForm","decl":{"start":{"line":13,"column":16},"end":{"line":13,"column":25}},"loc":{"start":{"line":13,"column":68},"end":{"line":26,"column":1}},"line":13},"1":{"name":"(anonymous_1)","decl":{"start":{"line":18,"column":16},"end":{"line":18,"column":17}},"loc":{"start":{"line":19,"column":10},"end":{"line":19,"column":67}},"line":19}},"branchMap":{"0":{"loc":{"start":{"line":23,"column":6},"end":{"line":23,"column":37}},"type":"binary-expr","locations":[{"start":{"line":23,"column":6},"end":{"line":23,"column":11}},{"start":{"line":23,"column":15},"end":{"line":23,"column":37}}],"line":23}},"s":{"0":4,"1":4},"f":{"0":4,"1":4},"b":{"0":[4,0]},"_coverageSchema":"1a1c01bbd47fc00a2c39e90264f33305004495a9","hash":"0e4b0a9c25017e091c7125bc6f090281f17f5aa6"}
,"C:\\Rocketseat\\gofinance\\src\\components\\Forms\\TransactionTypeButton\\index.tsx": {"path":"C:\\Rocketseat\\gofinance\\src\\components\\Forms\\TransactionTypeButton\\index.tsx","statementMap":{"0":{"start":{"line":7,"column":13},"end":{"line":10,"column":1}},"1":{"start":{"line":18,"column":8},"end":{"line":28,"column":1}}},"fnMap":{"0":{"name":"TransactionTypeButton","decl":{"start":{"line":17,"column":16},"end":{"line":17,"column":37}},"loc":{"start":{"line":17,"column":78},"end":{"line":29,"column":1}},"line":17}},"branchMap":{},"s":{"0":1,"1":4},"f":{"0":4},"b":{},"_coverageSchema":"1a1c01bbd47fc00a2c39e90264f33305004495a9","hash":"249cf752ec294c27dd12add73aac8360d3952328"}
,"C:\\Rocketseat\\gofinance\\src\\components\\HighlightCard\\index.tsx": {"path":"C:\\Rocketseat\\gofinance\\src\\components\\HighlightCard\\index.tsx","statementMap":{"0":{"start":{"line":19,"column":13},"end":{"line":23,"column":1}},"1":{"start":{"line":26,"column":2},"end":{"line":38,"column":4}}},"fnMap":{"0":{"name":"HighlightCard","decl":{"start":{"line":25,"column":16},"end":{"line":25,"column":29}},"loc":{"start":{"line":25,"column":79},"end":{"line":39,"column":1}},"line":25}},"branchMap":{},"s":{"0":0,"1":0},"f":{"0":0},"b":{}}
,"C:\\Rocketseat\\gofinance\\src\\components\\HistoryCard\\index.tsx": {"path":"C:\\Rocketseat\\gofinance\\src\\components\\HistoryCard\\index.tsx","statementMap":{"0":{"start":{"line":11,"column":8},"end":{"line":16,"column":1}}},"fnMap":{"0":{"name":"HistoryCard","decl":{"start":{"line":10,"column":17},"end":{"line":10,"column":28}},"loc":{"start":{"line":10,"column":61},"end":{"line":17,"column":1}},"line":10}},"branchMap":{},"s":{"0":0},"f":{"0":0},"b":{}}
,"C:\\Rocketseat\\gofinance\\src\\components\\SignInSocialButton\\index.tsx": {"path":"C:\\Rocketseat\\gofinance\\src\\components\\SignInSocialButton\\index.tsx","statementMap":{"0":{"start":{"line":13,"column":8},"end":{"line":20,"column":1}}},"fnMap":{"0":{"name":"SignInSocialButton","decl":{"start":{"line":12,"column":16},"end":{"line":12,"column":34}},"loc":{"start":{"line":12,"column":71},"end":{"line":21,"column":1}},"line":12}},"branchMap":{},"s":{"0":0},"f":{"0":0},"b":{}}
,"C:\\Rocketseat\\gofinance\\src\\components\\TransactionCard\\index.tsx": {"path":"C:\\Rocketseat\\gofinance\\src\\components\\TransactionCard\\index.tsx","statementMap":{"0":{"start":{"line":30,"column":21},"end":{"line":32,"column":3}},"1":{"start":{"line":31,"column":12},"end":{"line":31,"column":38}},"2":{"start":{"line":33,"column":2},"end":{"line":48,"column":4}}},"fnMap":{"0":{"name":"TransactionCard","decl":{"start":{"line":29,"column":16},"end":{"line":29,"column":31}},"loc":{"start":{"line":29,"column":49},"end":{"line":49,"column":1}},"line":29},"1":{"name":"(anonymous_1)","decl":{"start":{"line":31,"column":4},"end":{"line":31,"column":5}},"loc":{"start":{"line":31,"column":12},"end":{"line":31,"column":38}},"line":31}},"branchMap":{"0":{"loc":{"start":{"line":38,"column":9},"end":{"line":38,"column":41}},"type":"binary-expr","locations":[{"start":{"line":38,"column":9},"end":{"line":38,"column":33}},{"start":{"line":38,"column":37},"end":{"line":38,"column":41}}],"line":38}},"s":{"0":0,"1":0,"2":0},"f":{"0":0,"1":0},"b":{"0":[0,0]}}
,"C:\\Rocketseat\\gofinance\\src\\hooks\\useAuth.tsx": {"path":"C:\\Rocketseat\\gofinance\\src\\hooks\\useAuth.tsx","statementMap":{"0":{"start":{"line":2,"column":22},"end":{"line":2,"column":33}},"1":{"start":{"line":3,"column":25},"end":{"line":3,"column":36}},"2":{"start":{"line":34,"column":20},"end":{"line":34,"column":56}},"3":{"start":{"line":37,"column":26},"end":{"line":37,"column":52}},"4":{"start":{"line":38,"column":40},"end":{"line":38,"column":54}},"5":{"start":{"line":39,"column":25},"end":{"line":39,"column":42}},"6":{"start":{"line":41,"column":4},"end":{"line":73,"column":5}},"7":{"start":{"line":42,"column":6},"end":{"line":42,"column":32}},"8":{"start":{"line":43,"column":6},"end":{"line":43,"column":52}},"9":{"start":{"line":45,"column":28},"end":{"line":45,"column":35}},"10":{"start":{"line":46,"column":20},"end":{"line":46,"column":46}},"11":{"start":{"line":48,"column":22},"end":{"line":48,"column":166}},"12":{"start":{"line":50,"column":31},"end":{"line":52,"column":34}},"13":{"start":{"line":53,"column":6},"end":{"line":70,"column":7}},"14":{"start":{"line":54,"column":25},"end":{"line":56,"column":9}},"15":{"start":{"line":57,"column":25},"end":{"line":57,"column":46}},"16":{"start":{"line":59,"column":27},"end":{"line":66,"column":9}},"17":{"start":{"line":67,"column":8},"end":{"line":67,"column":28}},"18":{"start":{"line":68,"column":8},"end":{"line":68,"column":79}},"19":{"start":{"line":72,"column":6},"end":{"line":72,"column":78}},"20":{"start":{"line":77,"column":4},"end":{"line":99,"column":5}},"21":{"start":{"line":78,"column":25},"end":{"line":84,"column":8}},"22":{"start":{"line":85,"column":6},"end":{"line":95,"column":7}},"23":{"start":{"line":86,"column":27},"end":{"line":91,"column":9}},"24":{"start":{"line":92,"column":8},"end":{"line":92,"column":27}},"25":{"start":{"line":93,"column":8},"end":{"line":93,"column":79}},"26":{"start":{"line":97,"column":6},"end":{"line":97,"column":77}},"27":{"start":{"line":103,"column":4},"end":{"line":103,"column":23}},"28":{"start":{"line":104,"column":4},"end":{"line":104,"column":50}},"29":{"start":{"line":107,"column":2},"end":{"line":117,"column":7}},"30":{"start":{"line":109,"column":26},"end":{"line":109,"column":68}},"31":{"start":{"line":110,"column":6},"end":{"line":113,"column":7}},"32":{"start":{"line":111,"column":27},"end":{"line":111,"column":58}},"33":{"start":{"line":112,"column":8},"end":{"line":112,"column":27}},"34":{"start":{"line":114,"column":6},"end":{"line":114,"column":27}},"35":{"start":{"line":116,"column":4},"end":{"line":116,"column":26}},"36":{"start":{"line":118,"column":2},"end":{"line":122,"column":4}},"37":{"start":{"line":126,"column":18},"end":{"line":126,"column":41}},"38":{"start":{"line":127,"column":2},"end":{"line":127,"column":17}}},"fnMap":{"0":{"name":"AuthProvider","decl":{"start":{"line":36,"column":9},"end":{"line":36,"column":21}},"loc":{"start":{"line":36,"column":55},"end":{"line":123,"column":1}},"line":36},"1":{"name":"signInWithGoogle","decl":{"start":{"line":40,"column":17},"end":{"line":40,"column":33}},"loc":{"start":{"line":40,"column":36},"end":{"line":74,"column":3}},"line":40},"2":{"name":"signInWithApple","decl":{"start":{"line":76,"column":17},"end":{"line":76,"column":32}},"loc":{"start":{"line":76,"column":34},"end":{"line":100,"column":3}},"line":76},"3":{"name":"signOut","decl":{"start":{"line":102,"column":17},"end":{"line":102,"column":24}},"loc":{"start":{"line":102,"column":26},"end":{"line":105,"column":3}},"line":102},"4":{"name":"(anonymous_4)","decl":{"start":{"line":107,"column":12},"end":{"line":107,"column":13}},"loc":{"start":{"line":107,"column":16},"end":{"line":117,"column":3}},"line":107},"5":{"name":"loadUserStorageData","decl":{"start":{"line":108,"column":19},"end":{"line":108,"column":38}},"loc":{"start":{"line":108,"column":56},"end":{"line":115,"column":5}},"line":108},"6":{"name":"useAuth","decl":{"start":{"line":125,"column":9},"end":{"line":125,"column":16}},"loc":{"start":{"line":125,"column":19},"end":{"line":128,"column":1}},"line":125}},"branchMap":{"0":{"loc":{"start":{"line":53,"column":6},"end":{"line":70,"column":7}},"type":"if","locations":[{"start":{"line":53,"column":6},"end":{"line":70,"column":7}},{"start":{},"end":{}}],"line":53},"1":{"loc":{"start":{"line":85,"column":6},"end":{"line":95,"column":7}},"type":"if","locations":[{"start":{"line":85,"column":6},"end":{"line":95,"column":7}},{"start":{},"end":{}}],"line":85},"2":{"loc":{"start":{"line":110,"column":6},"end":{"line":113,"column":7}},"type":"if","locations":[{"start":{"line":110,"column":6},"end":{"line":113,"column":7}},{"start":{},"end":{}}],"line":110}},"s":{"0":1,"1":1,"2":1,"3":7,"4":7,"5":7,"6":2,"7":2,"8":2,"9":2,"10":2,"11":2,"12":2,"13":2,"14":2,"15":2,"16":2,"17":2,"18":2,"19":0,"20":0,"21":0,"22":0,"23":0,"24":0,"25":0,"26":0,"27":0,"28":0,"29":7,"30":2,"31":2,"32":1,"33":1,"34":2,"35":2,"36":7,"37":7,"38":7},"f":{"0":7,"1":2,"2":0,"3":0,"4":2,"5":2,"6":7},"b":{"0":[2,0],"1":[0,0],"2":[1,1]},"_coverageSchema":"1a1c01bbd47fc00a2c39e90264f33305004495a9","hash":"63b40f111b7c93da9a4300438fdcc94efbc3d1d7"}
,"C:\\Rocketseat\\gofinance\\src\\routes\\app.routes.tsx": {"path":"C:\\Rocketseat\\gofinance\\src\\routes\\app.routes.tsx","statementMap":{"0":{"start":{"line":11,"column":30},"end":{"line":11,"column":56}},"1":{"start":{"line":14,"column":16},"end":{"line":14,"column":26}},"2":{"start":{"line":16,"column":2},"end":{"line":61,"column":4}},"3":{"start":{"line":34,"column":12},"end":{"line":38,"column":14}},"4":{"start":{"line":44,"column":12},"end":{"line":48,"column":14}},"5":{"start":{"line":53,"column":12},"end":{"line":57,"column":14}}},"fnMap":{"0":{"name":"AppRoutes","decl":{"start":{"line":13,"column":16},"end":{"line":13,"column":25}},"loc":{"start":{"line":13,"column":28},"end":{"line":62,"column":1}},"line":13},"1":{"name":"(anonymous_1)","decl":{"start":{"line":33,"column":22},"end":{"line":33,"column":23}},"loc":{"start":{"line":34,"column":12},"end":{"line":38,"column":14}},"line":34},"2":{"name":"(anonymous_2)","decl":{"start":{"line":43,"column":22},"end":{"line":43,"column":23}},"loc":{"start":{"line":44,"column":12},"end":{"line":48,"column":14}},"line":44},"3":{"name":"(anonymous_3)","decl":{"start":{"line":52,"column":22},"end":{"line":52,"column":23}},"loc":{"start":{"line":53,"column":12},"end":{"line":57,"column":14}},"line":53}},"branchMap":{"0":{"loc":{"start":{"line":25,"column":27},"end":{"line":25,"column":57}},"type":"cond-expr","locations":[{"start":{"line":25,"column":51},"end":{"line":25,"column":53}},{"start":{"line":25,"column":56},"end":{"line":25,"column":57}}],"line":25}},"s":{"0":0,"1":0,"2":0,"3":0,"4":0,"5":0},"f":{"0":0,"1":0,"2":0,"3":0},"b":{"0":[0,0]}}
,"C:\\Rocketseat\\gofinance\\src\\routes\\auth.routes.tsx": {"path":"C:\\Rocketseat\\gofinance\\src\\routes\\auth.routes.tsx","statementMap":{"0":{"start":{"line":7,"column":28},"end":{"line":7,"column":50}},"1":{"start":{"line":10,"column":4},"end":{"line":14,"column":5}}},"fnMap":{"0":{"name":"AuthRoutes","decl":{"start":{"line":9,"column":16},"end":{"line":9,"column":26}},"loc":{"start":{"line":9,"column":28},"end":{"line":15,"column":1}},"line":9}},"branchMap":{},"s":{"0":0,"1":0},"f":{"0":0},"b":{}}
,"C:\\Rocketseat\\gofinance\\src\\routes\\index.tsx": {"path":"C:\\Rocketseat\\gofinance\\src\\routes\\index.tsx","statementMap":{"0":{"start":{"line":8,"column":19},"end":{"line":8,"column":28}},"1":{"start":{"line":10,"column":4},"end":{"line":14,"column":5}}},"fnMap":{"0":{"name":"Routes","decl":{"start":{"line":7,"column":16},"end":{"line":7,"column":22}},"loc":{"start":{"line":7,"column":24},"end":{"line":15,"column":1}},"line":7}},"branchMap":{"0":{"loc":{"start":{"line":12,"column":13},"end":{"line":12,"column":53}},"type":"cond-expr","locations":[{"start":{"line":12,"column":23},"end":{"line":12,"column":36}},{"start":{"line":12,"column":39},"end":{"line":12,"column":53}}],"line":12}},"s":{"0":0,"1":0},"f":{"0":0},"b":{"0":[0,0]}}
,"C:\\Rocketseat\\gofinance\\src\\screens\\CategorySelectModal\\index.tsx": {"path":"C:\\Rocketseat\\gofinance\\src\\screens\\CategorySelectModal\\index.tsx","statementMap":{"0":{"start":{"line":34,"column":4},"end":{"line":34,"column":26}},"1":{"start":{"line":37,"column":2},"end":{"line":62,"column":4}},"2":{"start":{"line":45,"column":32},"end":{"line":45,"column":40}},"3":{"start":{"line":47,"column":10},"end":{"line":53,"column":21}},"4":{"start":{"line":48,"column":25},"end":{"line":48,"column":51}},"5":{"start":{"line":55,"column":38},"end":{"line":55,"column":51}}},"fnMap":{"0":{"name":"CategorySelectModal","decl":{"start":{"line":27,"column":16},"end":{"line":27,"column":35}},"loc":{"start":{"line":31,"column":10},"end":{"line":63,"column":1}},"line":31},"1":{"name":"handleCategorySelect","decl":{"start":{"line":33,"column":11},"end":{"line":33,"column":31}},"loc":{"start":{"line":33,"column":52},"end":{"line":35,"column":3}},"line":33},"2":{"name":"(anonymous_2)","decl":{"start":{"line":45,"column":22},"end":{"line":45,"column":23}},"loc":{"start":{"line":45,"column":32},"end":{"line":45,"column":40}},"line":45},"3":{"name":"(anonymous_3)","decl":{"start":{"line":46,"column":20},"end":{"line":46,"column":21}},"loc":{"start":{"line":47,"column":10},"end":{"line":53,"column":21}},"line":47},"4":{"name":"(anonymous_4)","decl":{"start":{"line":48,"column":19},"end":{"line":48,"column":20}},"loc":{"start":{"line":48,"column":25},"end":{"line":48,"column":51}},"line":48},"5":{"name":"(anonymous_5)","decl":{"start":{"line":55,"column":32},"end":{"line":55,"column":33}},"loc":{"start":{"line":55,"column":38},"end":{"line":55,"column":51}},"line":55}},"branchMap":{},"s":{"0":0,"1":1,"2":6,"3":6,"4":0,"5":5},"f":{"0":1,"1":0,"2":6,"3":6,"4":0,"5":5},"b":{},"_coverageSchema":"1a1c01bbd47fc00a2c39e90264f33305004495a9","hash":"438713a6a62e3dc758821c53fff31cda2e41fbcb"}
,"C:\\Rocketseat\\gofinance\\src\\screens\\Dashboard\\index.tsx": {"path":"C:\\Rocketseat\\gofinance\\src\\screens\\Dashboard\\index.tsx","statementMap":{"0":{"start":{"line":45,"column":36},"end":{"line":45,"column":50}},"1":{"start":{"line":46,"column":42},"end":{"line":46,"column":71}},"2":{"start":{"line":47,"column":52},"end":{"line":49,"column":3}},"3":{"start":{"line":50,"column":16},"end":{"line":50,"column":26}},"4":{"start":{"line":51,"column":26},"end":{"line":51,"column":35}},"5":{"start":{"line":57,"column":31},"end":{"line":58,"column":55}},"6":{"start":{"line":58,"column":29},"end":{"line":58,"column":54}},"7":{"start":{"line":59,"column":4},"end":{"line":61,"column":5}},"8":{"start":{"line":60,"column":6},"end":{"line":60,"column":14}},"9":{"start":{"line":62,"column":28},"end":{"line":67,"column":6}},"10":{"start":{"line":65,"column":10},"end":{"line":65,"column":54}},"11":{"start":{"line":68,"column":4},"end":{"line":68,"column":105}},"12":{"start":{"line":72,"column":20},"end":{"line":72,"column":61}},"13":{"start":{"line":73,"column":21},"end":{"line":73,"column":56}},"14":{"start":{"line":75,"column":25},"end":{"line":75,"column":61}},"15":{"start":{"line":77,"column":21},"end":{"line":77,"column":22}},"16":{"start":{"line":78,"column":22},"end":{"line":78,"column":23}},"17":{"start":{"line":80,"column":51},"end":{"line":108,"column":5}},"18":{"start":{"line":82,"column":8},"end":{"line":86,"column":9}},"19":{"start":{"line":83,"column":10},"end":{"line":83,"column":44}},"20":{"start":{"line":85,"column":10},"end":{"line":85,"column":45}},"21":{"start":{"line":88,"column":23},"end":{"line":91,"column":10}},"22":{"start":{"line":93,"column":21},"end":{"line":97,"column":38}},"23":{"start":{"line":99,"column":8},"end":{"line":106,"column":10}},"24":{"start":{"line":109,"column":4},"end":{"line":109,"column":43}},"25":{"start":{"line":111,"column":36},"end":{"line":114,"column":5}},"26":{"start":{"line":115,"column":37},"end":{"line":118,"column":5}},"27":{"start":{"line":119,"column":26},"end":{"line":119,"column":128}},"28":{"start":{"line":121,"column":18},"end":{"line":121,"column":42}},"29":{"start":{"line":122,"column":4},"end":{"line":144,"column":7}},"30":{"start":{"line":145,"column":4},"end":{"line":145,"column":24}},"31":{"start":{"line":147,"column":2},"end":{"line":149,"column":9}},"32":{"start":{"line":148,"column":4},"end":{"line":148,"column":23}},"33":{"start":{"line":151,"column":2},"end":{"line":155,"column":4}},"34":{"start":{"line":153,"column":6},"end":{"line":153,"column":25}},"35":{"start":{"line":157,"column":2},"end":{"line":218,"column":4}},"36":{"start":{"line":178,"column":42},"end":{"line":178,"column":51}},"37":{"start":{"line":211,"column":38},"end":{"line":211,"column":45}},"38":{"start":{"line":212,"column":40},"end":{"line":212,"column":71}}},"fnMap":{"0":{"name":"Dashboard","decl":{"start":{"line":44,"column":24},"end":{"line":44,"column":33}},"loc":{"start":{"line":44,"column":36},"end":{"line":219,"column":1}},"line":44},"1":{"name":"getLastTransactionDate","decl":{"start":{"line":53,"column":11},"end":{"line":53,"column":33}},"loc":{"start":{"line":56,"column":4},"end":{"line":69,"column":3}},"line":56},"2":{"name":"(anonymous_2)","decl":{"start":{"line":58,"column":12},"end":{"line":58,"column":13}},"loc":{"start":{"line":58,"column":29},"end":{"line":58,"column":54}},"line":58},"3":{"name":"(anonymous_3)","decl":{"start":{"line":64,"column":13},"end":{"line":64,"column":14}},"loc":{"start":{"line":64,"column":30},"end":{"line":66,"column":9}},"line":64},"4":{"name":"loadTransactions","decl":{"start":{"line":71,"column":17},"end":{"line":71,"column":33}},"loc":{"start":{"line":71,"column":36},"end":{"line":146,"column":3}},"line":71},"5":{"name":"(anonymous_5)","decl":{"start":{"line":81,"column":6},"end":{"line":81,"column":7}},"loc":{"start":{"line":81,"column":31},"end":{"line":107,"column":7}},"line":81},"6":{"name":"(anonymous_6)","decl":{"start":{"line":147,"column":12},"end":{"line":147,"column":13}},"loc":{"start":{"line":147,"column":18},"end":{"line":149,"column":3}},"line":147},"7":{"name":"(anonymous_7)","decl":{"start":{"line":152,"column":16},"end":{"line":152,"column":17}},"loc":{"start":{"line":152,"column":22},"end":{"line":154,"column":5}},"line":152},"8":{"name":"(anonymous_8)","decl":{"start":{"line":178,"column":37},"end":{"line":178,"column":38}},"loc":{"start":{"line":178,"column":42},"end":{"line":178,"column":51}},"line":178},"9":{"name":"(anonymous_9)","decl":{"start":{"line":211,"column":28},"end":{"line":211,"column":29}},"loc":{"start":{"line":211,"column":38},"end":{"line":211,"column":45}},"line":211},"10":{"name":"(anonymous_10)","decl":{"start":{"line":212,"column":26},"end":{"line":212,"column":27}},"loc":{"start":{"line":212,"column":40},"end":{"line":212,"column":71}},"line":212}},"branchMap":{"0":{"loc":{"start":{"line":59,"column":4},"end":{"line":61,"column":5}},"type":"if","locations":[{"start":{"line":59,"column":4},"end":{"line":61,"column":5}},{"start":{},"end":{}}],"line":59},"1":{"loc":{"start":{"line":75,"column":25},"end":{"line":75,"column":61}},"type":"cond-expr","locations":[{"start":{"line":75,"column":36},"end":{"line":75,"column":56}},{"start":{"line":75,"column":59},"end":{"line":75,"column":61}}],"line":75},"2":{"loc":{"start":{"line":82,"column":8},"end":{"line":86,"column":9}},"type":"if","locations":[{"start":{"line":82,"column":8},"end":{"line":86,"column":9}},{"start":{"line":84,"column":15},"end":{"line":86,"column":9}}],"line":82},"3":{"loc":{"start":{"line":119,"column":26},"end":{"line":119,"column":128}},"type":"cond-expr","locations":[{"start":{"line":119,"column":58},"end":{"line":119,"column":91}},{"start":{"line":119,"column":94},"end":{"line":119,"column":128}}],"line":119},"4":{"loc":{"start":{"line":128,"column":25},"end":{"line":128,"column":127}},"type":"cond-expr","locations":[{"start":{"line":128,"column":57},"end":{"line":128,"column":77}},{"start":{"line":128,"column":80},"end":{"line":128,"column":127}}],"line":128},"5":{"loc":{"start":{"line":135,"column":25},"end":{"line":135,"column":127}},"type":"cond-expr","locations":[{"start":{"line":135,"column":58},"end":{"line":135,"column":78}},{"start":{"line":135,"column":81},"end":{"line":135,"column":127}}],"line":135},"6":{"loc":{"start":{"line":159,"column":7},"end":{"line":216,"column":7}},"type":"cond-expr","locations":[{"start":{"line":160,"column":8},"end":{"line":162,"column":27}},{"start":{"line":164,"column":8},"end":{"line":215,"column":11}}],"line":159}},"s":{"0":0,"1":0,"2":0,"3":0,"4":0,"5":0,"6":0,"7":0,"8":0,"9":0,"10":0,"11":0,"12":0,"13":0,"14":0,"15":0,"16":0,"17":0,"18":0,"19":0,"20":0,"21":0,"22":0,"23":0,"24":0,"25":0,"26":0,"27":0,"28":0,"29":0,"30":0,"31":0,"32":0,"33":0,"34":0,"35":0,"36":0,"37":0,"38":0},"f":{"0":0,"1":0,"2":0,"3":0,"4":0,"5":0,"6":0,"7":0,"8":0,"9":0,"10":0},"b":{"0":[0,0],"1":[0,0],"2":[0,0],"3":[0,0],"4":[0,0],"5":[0,0],"6":[0,0]}}
,"C:\\Rocketseat\\gofinance\\src\\screens\\Profile\\index.tsx": {"path":"C:\\Rocketseat\\gofinance\\src\\screens\\Profile\\index.tsx","statementMap":{"0":{"start":{"line":5,"column":2},"end":{"line":23,"column":4}}},"fnMap":{"0":{"name":"Profile","decl":{"start":{"line":4,"column":16},"end":{"line":4,"column":23}},"loc":{"start":{"line":4,"column":26},"end":{"line":24,"column":1}},"line":4},"1":{"name":"(anonymous_1)","decl":{"start":{"line":21,"column":38},"end":{"line":21,"column":39}},"loc":{"start":{"line":21,"column":44},"end":{"line":21,"column":46}},"line":21}},"branchMap":{},"s":{"0":3},"f":{"0":3,"1":0},"b":{},"_coverageSchema":"1a1c01bbd47fc00a2c39e90264f33305004495a9","hash":"4ad4587c8e2a9b2ba8f05eda259f904b75f60048"}
,"C:\\Rocketseat\\gofinance\\src\\screens\\Register\\index.tsx": {"path":"C:\\Rocketseat\\gofinance\\src\\screens\\Register\\index.tsx","statementMap":{"0":{"start":{"line":31,"column":15},"end":{"line":39,"column":13}},"1":{"start":{"line":42,"column":17},"end":{"line":42,"column":26}},"2":{"start":{"line":43,"column":48},"end":{"line":43,"column":60}},"3":{"start":{"line":45,"column":36},"end":{"line":45,"column":51}},"4":{"start":{"line":46,"column":18},"end":{"line":46,"column":59}},"5":{"start":{"line":48,"column":34},"end":{"line":51,"column":4}},"6":{"start":{"line":53,"column":21},"end":{"line":53,"column":36}},"7":{"start":{"line":59,"column":6},"end":{"line":61,"column":4}},"8":{"start":{"line":64,"column":4},"end":{"line":64,"column":29}},"9":{"start":{"line":68,"column":4},"end":{"line":68,"column":23}},"10":{"start":{"line":72,"column":4},"end":{"line":72,"column":24}},"11":{"start":{"line":76,"column":4},"end":{"line":78,"column":5}},"12":{"start":{"line":77,"column":6},"end":{"line":77,"column":58}},"13":{"start":{"line":79,"column":4},"end":{"line":81,"column":5}},"14":{"start":{"line":80,"column":6},"end":{"line":80,"column":50}},"15":{"start":{"line":83,"column":27},"end":{"line":90,"column":5}},"16":{"start":{"line":91,"column":4},"end":{"line":110,"column":5}},"17":{"start":{"line":93,"column":19},"end":{"line":93,"column":54}},"18":{"start":{"line":94,"column":26},"end":{"line":94,"column":54}},"19":{"start":{"line":96,"column":28},"end":{"line":96,"column":60}},"20":{"start":{"line":98,"column":6},"end":{"line":98,"column":73}},"21":{"start":{"line":100,"column":6},"end":{"line":100,"column":14}},"22":{"start":{"line":101,"column":6},"end":{"line":101,"column":29}},"23":{"start":{"line":102,"column":6},"end":{"line":105,"column":9}},"24":{"start":{"line":106,"column":6},"end":{"line":106,"column":38}},"25":{"start":{"line":108,"column":6},"end":{"line":108,"column":50}},"26":{"start":{"line":109,"column":6},"end":{"line":109,"column":45}},"27":{"start":{"line":113,"column":2},"end":{"line":120,"column":9}},"28":{"start":{"line":115,"column":19},"end":{"line":115,"column":54}},"29":{"start":{"line":116,"column":6},"end":{"line":116,"column":45}},"30":{"start":{"line":119,"column":4},"end":{"line":119,"column":15}},"31":{"start":{"line":122,"column":2},"end":{"line":178,"column":4}},"32":{"start":{"line":149,"column":31},"end":{"line":149,"column":64}},"33":{"start":{"line":155,"column":31},"end":{"line":155,"column":64}}},"fnMap":{"0":{"name":"Register","decl":{"start":{"line":41,"column":16},"end":{"line":41,"column":24}},"loc":{"start":{"line":41,"column":27},"end":{"line":179,"column":1}},"line":41},"1":{"name":"handleTransactionType","decl":{"start":{"line":63,"column":11},"end":{"line":63,"column":32}},"loc":{"start":{"line":63,"column":64},"end":{"line":65,"column":3}},"line":63},"2":{"name":"handleOpenSelectCategoryModal","decl":{"start":{"line":67,"column":11},"end":{"line":67,"column":40}},"loc":{"start":{"line":67,"column":43},"end":{"line":69,"column":3}},"line":67},"3":{"name":"handleCloseSelectCategoryModal","decl":{"start":{"line":71,"column":11},"end":{"line":71,"column":41}},"loc":{"start":{"line":71,"column":44},"end":{"line":73,"column":3}},"line":71},"4":{"name":"handleRegister","decl":{"start":{"line":75,"column":17},"end":{"line":75,"column":31}},"loc":{"start":{"line":75,"column":57},"end":{"line":111,"column":3}},"line":75},"5":{"name":"(anonymous_5)","decl":{"start":{"line":113,"column":12},"end":{"line":113,"column":13}},"loc":{"start":{"line":113,"column":18},"end":{"line":120,"column":3}},"line":113},"6":{"name":"loadData","decl":{"start":{"line":114,"column":19},"end":{"line":114,"column":27}},"loc":{"start":{"line":114,"column":30},"end":{"line":118,"column":5}},"line":114},"7":{"name":"(anonymous_7)","decl":{"start":{"line":149,"column":25},"end":{"line":149,"column":26}},"loc":{"start":{"line":149,"column":31},"end":{"line":149,"column":64}},"line":149},"8":{"name":"(anonymous_8)","decl":{"start":{"line":155,"column":25},"end":{"line":155,"column":26}},"loc":{"start":{"line":155,"column":31},"end":{"line":155,"column":64}},"line":155}},"branchMap":{"0":{"loc":{"start":{"line":76,"column":4},"end":{"line":78,"column":5}},"type":"if","locations":[{"start":{"line":76,"column":4},"end":{"line":78,"column":5}},{"start":{},"end":{}}],"line":76},"1":{"loc":{"start":{"line":79,"column":4},"end":{"line":81,"column":5}},"type":"if","locations":[{"start":{"line":79,"column":4},"end":{"line":81,"column":5}},{"start":{},"end":{}}],"line":79},"2":{"loc":{"start":{"line":94,"column":26},"end":{"line":94,"column":54}},"type":"cond-expr","locations":[{"start":{"line":94,"column":33},"end":{"line":94,"column":49}},{"start":{"line":94,"column":52},"end":{"line":94,"column":54}}],"line":94},"3":{"loc":{"start":{"line":136,"column":21},"end":{"line":136,"column":55}},"type":"binary-expr","locations":[{"start":{"line":136,"column":21},"end":{"line":136,"column":32}},{"start":{"line":136,"column":36},"end":{"line":136,"column":55}}],"line":136},"4":{"loc":{"start":{"line":143,"column":21},"end":{"line":143,"column":59}},"type":"binary-expr","locations":[{"start":{"line":143,"column":21},"end":{"line":143,"column":34}},{"start":{"line":143,"column":38},"end":{"line":143,"column":59}}],"line":143}},"s":{"0":1,"1":2,"2":2,"3":2,"4":2,"5":2,"6":2,"7":2,"8":0,"9":1,"10":0,"11":0,"12":0,"13":0,"14":0,"15":0,"16":0,"17":0,"18":0,"19":0,"20":0,"21":0,"22":0,"23":0,"24":0,"25":0,"26":0,"27":2,"28":1,"29":1,"30":1,"31":2,"32":0,"33":0},"f":{"0":2,"1":0,"2":1,"3":0,"4":0,"5":1,"6":1,"7":0,"8":0},"b":{"0":[0,0],"1":[0,0],"2":[0,0],"3":[2,0],"4":[2,0]},"_coverageSchema":"1a1c01bbd47fc00a2c39e90264f33305004495a9","hash":"7b4ee9cdb3ecb503de6170bac0126fad8c7109de"}
,"C:\\Rocketseat\\gofinance\\src\\screens\\Resume\\index.tsx": {"path":"C:\\Rocketseat\\gofinance\\src\\screens\\Resume\\index.tsx","statementMap":{"0":{"start":{"line":44,"column":48},"end":{"line":46,"column":3}},"1":{"start":{"line":47,"column":42},"end":{"line":47,"column":62}},"2":{"start":{"line":48,"column":36},"end":{"line":48,"column":51}},"3":{"start":{"line":50,"column":16},"end":{"line":50,"column":26}},"4":{"start":{"line":51,"column":19},"end":{"line":51,"column":28}},"5":{"start":{"line":54,"column":4},"end":{"line":54,"column":23}},"6":{"start":{"line":55,"column":4},"end":{"line":61,"column":5}},"7":{"start":{"line":56,"column":22},"end":{"line":56,"column":48}},"8":{"start":{"line":57,"column":6},"end":{"line":57,"column":31}},"9":{"start":{"line":59,"column":22},"end":{"line":59,"column":48}},"10":{"start":{"line":60,"column":6},"end":{"line":60,"column":31}},"11":{"start":{"line":62,"column":4},"end":{"line":62,"column":24}},"12":{"start":{"line":65,"column":4},"end":{"line":65,"column":23}},"13":{"start":{"line":67,"column":20},"end":{"line":67,"column":61}},"14":{"start":{"line":69,"column":21},"end":{"line":69,"column":56}},"15":{"start":{"line":70,"column":30},"end":{"line":70,"column":66}},"16":{"start":{"line":72,"column":21},"end":{"line":77,"column":5}},"17":{"start":{"line":74,"column":8},"end":{"line":76,"column":76}},"18":{"start":{"line":79,"column":26},"end":{"line":84,"column":5}},"19":{"start":{"line":81,"column":8},"end":{"line":81,"column":44}},"20":{"start":{"line":86,"column":49},"end":{"line":86,"column":51}},"21":{"start":{"line":88,"column":27},"end":{"line":112,"column":6}},"22":{"start":{"line":89,"column":24},"end":{"line":89,"column":25}},"23":{"start":{"line":91,"column":6},"end":{"line":95,"column":9}},"24":{"start":{"line":92,"column":8},"end":{"line":94,"column":9}},"25":{"start":{"line":93,"column":10},"end":{"line":93,"column":48}},"26":{"start":{"line":96,"column":6},"end":{"line":111,"column":7}},"27":{"start":{"line":97,"column":31},"end":{"line":100,"column":10}},"28":{"start":{"line":102,"column":24},"end":{"line":102,"column":78}},"29":{"start":{"line":103,"column":8},"end":{"line":110,"column":11}},"30":{"start":{"line":113,"column":4},"end":{"line":113,"column":40}},"31":{"start":{"line":114,"column":4},"end":{"line":114,"column":24}},"32":{"start":{"line":117,"column":2},"end":{"line":121,"column":4}},"33":{"start":{"line":119,"column":6},"end":{"line":119,"column":17}},"34":{"start":{"line":127,"column":2},"end":{"line":185,"column":4}},"35":{"start":{"line":146,"column":48},"end":{"line":146,"column":76}},"36":{"start":{"line":152,"column":48},"end":{"line":152,"column":72}},"37":{"start":{"line":162,"column":62},"end":{"line":162,"column":76}},"38":{"start":{"line":174,"column":14},"end":{"line":179,"column":16}}},"fnMap":{"0":{"name":"Resume","decl":{"start":{"line":43,"column":16},"end":{"line":43,"column":22}},"loc":{"start":{"line":43,"column":25},"end":{"line":186,"column":1}},"line":43},"1":{"name":"handleDateChange","decl":{"start":{"line":53,"column":11},"end":{"line":53,"column":27}},"loc":{"start":{"line":53,"column":57},"end":{"line":63,"column":3}},"line":53},"2":{"name":"loadData","decl":{"start":{"line":64,"column":17},"end":{"line":64,"column":25}},"loc":{"start":{"line":64,"column":28},"end":{"line":115,"column":3}},"line":64},"3":{"name":"(anonymous_3)","decl":{"start":{"line":73,"column":6},"end":{"line":73,"column":7}},"loc":{"start":{"line":74,"column":8},"end":{"line":76,"column":76}},"line":74},"4":{"name":"(anonymous_4)","decl":{"start":{"line":80,"column":6},"end":{"line":80,"column":7}},"loc":{"start":{"line":80,"column":57},"end":{"line":82,"column":7}},"line":80},"5":{"name":"(anonymous_5)","decl":{"start":{"line":88,"column":46},"end":{"line":88,"column":47}},"loc":{"start":{"line":88,"column":60},"end":{"line":112,"column":5}},"line":88},"6":{"name":"(anonymous_6)","decl":{"start":{"line":91,"column":23},"end":{"line":91,"column":24}},"loc":{"start":{"line":91,"column":53},"end":{"line":95,"column":7}},"line":91},"7":{"name":"(anonymous_7)","decl":{"start":{"line":118,"column":16},"end":{"line":118,"column":17}},"loc":{"start":{"line":118,"column":22},"end":{"line":120,"column":5}},"line":118},"8":{"name":"(anonymous_8)","decl":{"start":{"line":146,"column":42},"end":{"line":146,"column":43}},"loc":{"start":{"line":146,"column":48},"end":{"line":146,"column":76}},"line":146},"9":{"name":"(anonymous_9)","decl":{"start":{"line":152,"column":42},"end":{"line":152,"column":43}},"loc":{"start":{"line":152,"column":48},"end":{"line":152,"column":72}},"line":152},"10":{"name":"(anonymous_10)","decl":{"start":{"line":162,"column":48},"end":{"line":162,"column":49}},"loc":{"start":{"line":162,"column":62},"end":{"line":162,"column":76}},"line":162},"11":{"name":"(anonymous_11)","decl":{"start":{"line":173,"column":33},"end":{"line":173,"column":34}},"loc":{"start":{"line":174,"column":14},"end":{"line":179,"column":16}},"line":174}},"branchMap":{"0":{"loc":{"start":{"line":55,"column":4},"end":{"line":61,"column":5}},"type":"if","locations":[{"start":{"line":55,"column":4},"end":{"line":61,"column":5}},{"start":{"line":58,"column":11},"end":{"line":61,"column":5}}],"line":55},"1":{"loc":{"start":{"line":70,"column":30},"end":{"line":70,"column":66}},"type":"cond-expr","locations":[{"start":{"line":70,"column":41},"end":{"line":70,"column":61}},{"start":{"line":70,"column":64},"end":{"line":70,"column":66}}],"line":70},"2":{"loc":{"start":{"line":74,"column":8},"end":{"line":76,"column":76}},"type":"binary-expr","locations":[{"start":{"line":74,"column":8},"end":{"line":74,"column":36}},{"start":{"line":75,"column":8},"end":{"line":75,"column":70}},{"start":{"line":76,"column":8},"end":{"line":76,"column":76}}],"line":74},"3":{"loc":{"start":{"line":92,"column":8},"end":{"line":94,"column":9}},"type":"if","locations":[{"start":{"line":92,"column":8},"end":{"line":94,"column":9}},{"start":{},"end":{}}],"line":92},"4":{"loc":{"start":{"line":96,"column":6},"end":{"line":111,"column":7}},"type":"if","locations":[{"start":{"line":96,"column":6},"end":{"line":111,"column":7}},{"start":{},"end":{}}],"line":96},"5":{"loc":{"start":{"line":132,"column":7},"end":{"line":183,"column":7}},"type":"cond-expr","locations":[{"start":{"line":133,"column":8},"end":{"line":135,"column":27}},{"start":{"line":137,"column":8},"end":{"line":182,"column":11}}],"line":132}},"s":{"0":0,"1":0,"2":0,"3":0,"4":0,"5":0,"6":0,"7":0,"8":0,"9":0,"10":0,"11":0,"12":0,"13":0,"14":0,"15":0,"16":0,"17":0,"18":0,"19":0,"20":0,"21":0,"22":0,"23":0,"24":0,"25":0,"26":0,"27":0,"28":0,"29":0,"30":0,"31":0,"32":0,"33":0,"34":0,"35":0,"36":0,"37":0,"38":0},"f":{"0":0,"1":0,"2":0,"3":0,"4":0,"5":0,"6":0,"7":0,"8":0,"9":0,"10":0,"11":0},"b":{"0":[0,0],"1":[0,0],"2":[0,0,0],"3":[0,0],"4":[0,0],"5":[0,0]}}
,"C:\\Rocketseat\\gofinance\\src\\screens\\SignIn\\index.tsx": {"path":"C:\\Rocketseat\\gofinance\\src\\screens\\SignIn\\index.tsx","statementMap":{"0":{"start":{"line":23,"column":46},"end":{"line":23,"column":55}},"1":{"start":{"line":24,"column":36},"end":{"line":24,"column":51}},"2":{"start":{"line":25,"column":16},"end":{"line":25,"column":26}},"3":{"start":{"line":28,"column":2},"end":{"line":34,"column":3}},"4":{"start":{"line":29,"column":4},"end":{"line":29,"column":23}},"5":{"start":{"line":30,"column":3},"end":{"line":30,"column":34}},"6":{"start":{"line":32,"column":4},"end":{"line":32,"column":57}},"7":{"start":{"line":33,"column":4},"end":{"line":33,"column":57}},"8":{"start":{"line":35,"column":4},"end":{"line":35,"column":24}},"9":{"start":{"line":40,"column":2},"end":{"line":47,"column":3}},"10":{"start":{"line":41,"column":4},"end":{"line":41,"column":23}},"11":{"start":{"line":43,"column":4},"end":{"line":43,"column":34}},"12":{"start":{"line":45,"column":4},"end":{"line":45,"column":56}},"13":{"start":{"line":46,"column":4},"end":{"line":46,"column":56}},"14":{"start":{"line":48,"column":4},"end":{"line":48,"column":24}},"15":{"start":{"line":51,"column":2},"end":{"line":74,"column":4}}},"fnMap":{"0":{"name":"SignIn","decl":{"start":{"line":22,"column":16},"end":{"line":22,"column":22}},"loc":{"start":{"line":22,"column":25},"end":{"line":75,"column":1}},"line":22},"1":{"name":"handleSignInWithGoogle","decl":{"start":{"line":27,"column":17},"end":{"line":27,"column":39}},"loc":{"start":{"line":27,"column":42},"end":{"line":37,"column":1}},"line":27},"2":{"name":"handleSignInWithApple","decl":{"start":{"line":39,"column":15},"end":{"line":39,"column":36}},"loc":{"start":{"line":39,"column":39},"end":{"line":50,"column":1}},"line":39}},"branchMap":{"0":{"loc":{"start":{"line":71,"column":5},"end":{"line":71,"column":90}},"type":"binary-expr","locations":[{"start":{"line":71,"column":5},"end":{"line":71,"column":14}},{"start":{"line":71,"column":18},"end":{"line":71,"column":90}}],"line":71}},"s":{"0":0,"1":0,"2":0,"3":0,"4":0,"5":0,"6":0,"7":0,"8":0,"9":0,"10":0,"11":0,"12":0,"13":0,"14":0,"15":0},"f":{"0":0,"1":0,"2":0},"b":{"0":[0,0]}}
}
