TN:
SF:src\AuthContext.tsx
FNF:0
FNH:0
DA:3,0
LF:1
LH:0
BRF:0
BRH:0
end_of_record
TN:
SF:src\components\Forms\Button\index.tsx
FN:14,Button
FNF:1
FNH:1
FNDA:3,Button
DA:15,3
LF:1
LH:1
BRF:0
BRH:0
end_of_record
TN:
SF:src\components\Forms\CategorySelectButton\index.tsx
FN:10,CategorySelectButton
FNF:1
FNH:1
FNDA:2,CategorySelectButton
DA:11,2
LF:1
LH:1
BRF:0
BRH:0
end_of_record
TN:
SF:src\components\Forms\Input\index.tsx
FN:10,Input
FNF:1
FNH:1
FNDA:5,Input
DA:11,5
LF:1
LH:1
BRDA:10,0,0,4
BRF:1
BRH:1
end_of_record
TN:
SF:src\components\Forms\InputForm\index.tsx
FN:13,InputForm
FN:18,(anonymous_1)
FNF:2
FNH:2
FNDA:4,InputForm
FNDA:4,(anonymous_1)
DA:14,4
DA:19,4
LF:2
LH:2
BRDA:23,0,0,4
BRDA:23,0,1,0
BRF:2
BRH:1
end_of_record
TN:
SF:src\components\Forms\TransactionTypeButton\index.tsx
FN:17,TransactionTypeButton
FNF:1
FNH:1
FNDA:4,TransactionTypeButton
DA:7,1
DA:18,4
LF:2
LH:2
BRF:0
BRH:0
end_of_record
TN:
SF:src\components\HighlightCard\index.tsx
FN:25,HighlightCard
FNF:1
FNH:0
FNDA:0,HighlightCard
DA:19,0
DA:26,0
LF:2
LH:0
BRF:0
BRH:0
end_of_record
TN:
SF:src\components\HistoryCard\index.tsx
FN:10,HistoryCard
FNF:1
FNH:0
FNDA:0,HistoryCard
DA:11,0
LF:1
LH:0
BRF:0
BRH:0
end_of_record
TN:
SF:src\components\SignInSocialButton\index.tsx
FN:12,SignInSocialButton
FNF:1
FNH:0
FNDA:0,SignInSocialButton
DA:13,0
LF:1
LH:0
BRF:0
BRH:0
end_of_record
TN:
SF:src\components\TransactionCard\index.tsx
FN:29,TransactionCard
FN:31,(anonymous_1)
FNF:2
FNH:0
FNDA:0,TransactionCard
FNDA:0,(anonymous_1)
DA:30,0
DA:31,0
DA:33,0
LF:3
LH:0
BRDA:38,0,0,0
BRDA:38,0,1,0
BRF:2
BRH:0
end_of_record
TN:
SF:src\hooks\useAuth.tsx
FN:36,AuthProvider
FN:40,signInWithGoogle
FN:76,signInWithApple
FN:102,signOut
FN:107,(anonymous_4)
FN:108,loadUserStorageData
FN:125,useAuth
FNF:7
FNH:5
FNDA:7,AuthProvider
FNDA:2,signInWithGoogle
FNDA:0,signInWithApple
FNDA:0,signOut
FNDA:2,(anonymous_4)
FNDA:2,loadUserStorageData
FNDA:7,useAuth
DA:2,1
DA:3,1
DA:34,1
DA:37,7
DA:38,7
DA:39,7
DA:41,2
DA:42,2
DA:43,2
DA:45,2
DA:46,2
DA:48,2
DA:50,2
DA:53,2
DA:54,2
DA:57,2
DA:59,2
DA:67,2
DA:68,2
DA:72,0
DA:77,0
DA:78,0
DA:85,0
DA:86,0
DA:92,0
DA:93,0
DA:97,0
DA:103,0
DA:104,0
DA:107,7
DA:109,2
DA:110,2
DA:111,1
DA:112,1
DA:114,2
DA:116,2
DA:118,7
DA:126,7
DA:127,7
LF:39
LH:29
BRDA:53,0,0,2
BRDA:53,0,1,0
BRDA:85,1,0,0
BRDA:85,1,1,0
BRDA:110,2,0,1
BRDA:110,2,1,1
BRF:6
BRH:3
end_of_record
TN:
SF:src\routes\app.routes.tsx
FN:13,AppRoutes
FN:33,(anonymous_1)
FN:43,(anonymous_2)
FN:52,(anonymous_3)
FNF:4
FNH:0
FNDA:0,AppRoutes
FNDA:0,(anonymous_1)
FNDA:0,(anonymous_2)
FNDA:0,(anonymous_3)
DA:11,0
DA:14,0
DA:16,0
DA:34,0
DA:44,0
DA:53,0
LF:6
LH:0
BRDA:25,0,0,0
BRDA:25,0,1,0
BRF:2
BRH:0
end_of_record
TN:
SF:src\routes\auth.routes.tsx
FN:9,AuthRoutes
FNF:1
FNH:0
FNDA:0,AuthRoutes
DA:7,0
DA:10,0
LF:2
LH:0
BRF:0
BRH:0
end_of_record
TN:
SF:src\routes\index.tsx
FN:7,Routes
FNF:1
FNH:0
FNDA:0,Routes
DA:8,0
DA:10,0
LF:2
LH:0
BRDA:12,0,0,0
BRDA:12,0,1,0
BRF:2
BRH:0
end_of_record
TN:
SF:src\screens\CategorySelectModal\index.tsx
FN:27,CategorySelectModal
FN:33,handleCategorySelect
FN:45,(anonymous_2)
FN:46,(anonymous_3)
FN:48,(anonymous_4)
FN:55,(anonymous_5)
FNF:6
FNH:4
FNDA:1,CategorySelectModal
FNDA:0,handleCategorySelect
FNDA:6,(anonymous_2)
FNDA:6,(anonymous_3)
FNDA:0,(anonymous_4)
FNDA:5,(anonymous_5)
DA:34,0
DA:37,1
DA:45,6
DA:47,6
DA:48,0
DA:55,5
LF:6
LH:4
BRF:0
BRH:0
end_of_record
TN:
SF:src\screens\Dashboard\index.tsx
FN:44,Dashboard
FN:53,getLastTransactionDate
FN:58,(anonymous_2)
FN:64,(anonymous_3)
FN:71,loadTransactions
FN:81,(anonymous_5)
FN:147,(anonymous_6)
FN:152,(anonymous_7)
FN:178,(anonymous_8)
FN:211,(anonymous_9)
FN:212,(anonymous_10)
FNF:11
FNH:0
FNDA:0,Dashboard
FNDA:0,getLastTransactionDate
FNDA:0,(anonymous_2)
FNDA:0,(anonymous_3)
FNDA:0,loadTransactions
FNDA:0,(anonymous_5)
FNDA:0,(anonymous_6)
FNDA:0,(anonymous_7)
FNDA:0,(anonymous_8)
FNDA:0,(anonymous_9)
FNDA:0,(anonymous_10)
DA:45,0
DA:46,0
DA:47,0
DA:50,0
DA:51,0
DA:57,0
DA:58,0
DA:59,0
DA:60,0
DA:62,0
DA:65,0
DA:68,0
DA:72,0
DA:73,0
DA:75,0
DA:77,0
DA:78,0
DA:80,0
DA:82,0
DA:83,0
DA:85,0
DA:88,0
DA:93,0
DA:99,0
DA:109,0
DA:111,0
DA:115,0
DA:119,0
DA:121,0
DA:122,0
DA:145,0
DA:147,0
DA:148,0
DA:151,0
DA:153,0
DA:157,0
DA:178,0
DA:211,0
DA:212,0
LF:39
LH:0
BRDA:59,0,0,0
BRDA:59,0,1,0
BRDA:75,1,0,0
BRDA:75,1,1,0
BRDA:82,2,0,0
BRDA:82,2,1,0
BRDA:119,3,0,0
BRDA:119,3,1,0
BRDA:128,4,0,0
BRDA:128,4,1,0
BRDA:135,5,0,0
BRDA:135,5,1,0
BRDA:159,6,0,0
BRDA:159,6,1,0
BRF:14
BRH:0
end_of_record
TN:
SF:src\screens\Profile\index.tsx
FN:4,Profile
FN:21,(anonymous_1)
FNF:2
FNH:1
FNDA:3,Profile
FNDA:0,(anonymous_1)
DA:5,3
LF:1
LH:1
BRF:0
BRH:0
end_of_record
TN:
SF:src\screens\Register\index.tsx
FN:41,Register
FN:63,handleTransactionType
FN:67,handleOpenSelectCategoryModal
FN:71,handleCloseSelectCategoryModal
FN:75,handleRegister
FN:113,(anonymous_5)
FN:114,loadData
FN:149,(anonymous_7)
FN:155,(anonymous_8)
FNF:9
FNH:4
FNDA:2,Register
FNDA:0,handleTransactionType
FNDA:1,handleOpenSelectCategoryModal
FNDA:0,handleCloseSelectCategoryModal
FNDA:0,handleRegister
FNDA:1,(anonymous_5)
FNDA:1,loadData
FNDA:0,(anonymous_7)
FNDA:0,(anonymous_8)
DA:31,1
DA:42,2
DA:43,2
DA:45,2
DA:46,2
DA:48,2
DA:53,2
DA:59,2
DA:64,0
DA:68,1
DA:72,0
DA:76,0
DA:77,0
DA:79,0
DA:80,0
DA:83,0
DA:91,0
DA:93,0
DA:94,0
DA:96,0
DA:98,0
DA:100,0
DA:101,0
DA:102,0
DA:106,0
DA:108,0
DA:109,0
DA:113,2
DA:115,1
DA:116,1
DA:119,1
DA:122,2
DA:149,0
DA:155,0
LF:34
LH:14
BRDA:76,0,0,0
BRDA:76,0,1,0
BRDA:79,1,0,0
BRDA:79,1,1,0
BRDA:94,2,0,0
BRDA:94,2,1,0
BRDA:136,3,0,2
BRDA:136,3,1,0
BRDA:143,4,0,2
BRDA:143,4,1,0
BRF:10
BRH:2
end_of_record
TN:
SF:src\screens\Resume\index.tsx
FN:43,Resume
FN:53,handleDateChange
FN:64,loadData
FN:73,(anonymous_3)
FN:80,(anonymous_4)
FN:88,(anonymous_5)
FN:91,(anonymous_6)
FN:118,(anonymous_7)
FN:146,(anonymous_8)
FN:152,(anonymous_9)
FN:162,(anonymous_10)
FN:173,(anonymous_11)
FNF:12
FNH:0
FNDA:0,Resume
FNDA:0,handleDateChange
FNDA:0,loadData
FNDA:0,(anonymous_3)
FNDA:0,(anonymous_4)
FNDA:0,(anonymous_5)
FNDA:0,(anonymous_6)
FNDA:0,(anonymous_7)
FNDA:0,(anonymous_8)
FNDA:0,(anonymous_9)
FNDA:0,(anonymous_10)
FNDA:0,(anonymous_11)
DA:44,0
DA:47,0
DA:48,0
DA:50,0
DA:51,0
DA:54,0
DA:55,0
DA:56,0
DA:57,0
DA:59,0
DA:60,0
DA:62,0
DA:65,0
DA:67,0
DA:69,0
DA:70,0
DA:72,0
DA:74,0
DA:79,0
DA:81,0
DA:86,0
DA:88,0
DA:89,0
DA:91,0
DA:92,0
DA:93,0
DA:96,0
DA:97,0
DA:102,0
DA:103,0
DA:113,0
DA:114,0
DA:117,0
DA:119,0
DA:127,0
DA:146,0
DA:152,0
DA:162,0
DA:174,0
LF:39
LH:0
BRDA:55,0,0,0
BRDA:55,0,1,0
BRDA:70,1,0,0
BRDA:70,1,1,0
BRDA:74,2,0,0
BRDA:74,2,1,0
BRDA:74,2,2,0
BRDA:92,3,0,0
BRDA:92,3,1,0
BRDA:96,4,0,0
BRDA:96,4,1,0
BRDA:132,5,0,0
BRDA:132,5,1,0
BRF:13
BRH:0
end_of_record
TN:
SF:src\screens\SignIn\index.tsx
FN:22,SignIn
FN:27,handleSignInWithGoogle
FN:39,handleSignInWithApple
FNF:3
FNH:0
FNDA:0,SignIn
FNDA:0,handleSignInWithGoogle
FNDA:0,handleSignInWithApple
DA:23,0
DA:24,0
DA:25,0
DA:28,0
DA:29,0
DA:30,0
DA:32,0
DA:33,0
DA:35,0
DA:40,0
DA:41,0
DA:43,0
DA:45,0
DA:46,0
DA:48,0
DA:51,0
LF:16
LH:0
BRDA:71,0,0,0
BRDA:71,0,1,0
BRF:2
BRH:0
end_of_record
